14:33:52 **** Incremental Build of configuration Debug for project Practica1 ****
make all 
Building file: ../Static_Code/System/CPU_Init.c
Invoking: Cross ARM C Compiler
arm-none-eabi-gcc -mcpu=cortex-m4 -mthumb -mfloat-abi=hard -mfpu=fpv4-sp-d16 -O0 -fmessage-length=0 -fsigned-char -ffunction-sections -fdata-sections  -g3 -I"D:/G ing informatica/TFG/GPS/Practica1/Static_Code/System" -I"D:/G ing informatica/TFG/GPS/Practica1/Static_Code/PDD" -I"D:/G ing informatica/TFG/GPS/Practica1/Static_Code/IO_Map" -I"C:\Freescale\KDS_v3\eclipse\ProcessorExpert/lib/Kinetis/pdd/inc" -I"D:/G ing informatica/TFG/GPS/Practica1/Sources" -I"D:/G ing informatica/TFG/GPS/Practica1/Generated_Code" -std=c99 -MMD -MP -MF"Static_Code/System/CPU_Init.d" -MT"Static_Code/System/CPU_Init.o" -c -o "Static_Code/System/CPU_Init.o" "../Static_Code/System/CPU_Init.c"
Finished building: ../Static_Code/System/CPU_Init.c
 
Building file: ../Static_Code/System/Peripherals_Init.c
Invoking: Cross ARM C Compiler
arm-none-eabi-gcc -mcpu=cortex-m4 -mthumb -mfloat-abi=hard -mfpu=fpv4-sp-d16 -O0 -fmessage-length=0 -fsigned-char -ffunction-sections -fdata-sections  -g3 -I"D:/G ing informatica/TFG/GPS/Practica1/Static_Code/System" -I"D:/G ing informatica/TFG/GPS/Practica1/Static_Code/PDD" -I"D:/G ing informatica/TFG/GPS/Practica1/Static_Code/IO_Map" -I"C:\Freescale\KDS_v3\eclipse\ProcessorExpert/lib/Kinetis/pdd/inc" -I"D:/G ing informatica/TFG/GPS/Practica1/Sources" -I"D:/G ing informatica/TFG/GPS/Practica1/Generated_Code" -std=c99 -MMD -MP -MF"Static_Code/System/Peripherals_Init.d" -MT"Static_Code/System/Peripherals_Init.o" -c -o "Static_Code/System/Peripherals_Init.o" "../Static_Code/System/Peripherals_Init.c"
Finished building: ../Static_Code/System/Peripherals_Init.c
 
Building file: ../Static_Code/System/Vectors.c
Invoking: Cross ARM C Compiler
arm-none-eabi-gcc -mcpu=cortex-m4 -mthumb -mfloat-abi=hard -mfpu=fpv4-sp-d16 -O0 -fmessage-length=0 -fsigned-char -ffunction-sections -fdata-sections  -g3 -I"D:/G ing informatica/TFG/GPS/Practica1/Static_Code/System" -I"D:/G ing informatica/TFG/GPS/Practica1/Static_Code/PDD" -I"D:/G ing informatica/TFG/GPS/Practica1/Static_Code/IO_Map" -I"C:\Freescale\KDS_v3\eclipse\ProcessorExpert/lib/Kinetis/pdd/inc" -I"D:/G ing informatica/TFG/GPS/Practica1/Sources" -I"D:/G ing informatica/TFG/GPS/Practica1/Generated_Code" -std=c99 -MMD -MP -MF"Static_Code/System/Vectors.d" -MT"Static_Code/System/Vectors.o" -c -o "Static_Code/System/Vectors.o" "../Static_Code/System/Vectors.c"
Finished building: ../Static_Code/System/Vectors.c
 
Building file: ../Sources/Events.c
Invoking: Cross ARM C Compiler
arm-none-eabi-gcc -mcpu=cortex-m4 -mthumb -mfloat-abi=hard -mfpu=fpv4-sp-d16 -O0 -fmessage-length=0 -fsigned-char -ffunction-sections -fdata-sections  -g3 -I"D:/G ing informatica/TFG/GPS/Practica1/Static_Code/System" -I"D:/G ing informatica/TFG/GPS/Practica1/Static_Code/PDD" -I"D:/G ing informatica/TFG/GPS/Practica1/Static_Code/IO_Map" -I"C:\Freescale\KDS_v3\eclipse\ProcessorExpert/lib/Kinetis/pdd/inc" -I"D:/G ing informatica/TFG/GPS/Practica1/Sources" -I"D:/G ing informatica/TFG/GPS/Practica1/Generated_Code" -std=c99 -MMD -MP -MF"Sources/Events.d" -MT"Sources/Events.o" -c -o "Sources/Events.o" "../Sources/Events.c"
Finished building: ../Sources/Events.c
 
Building file: ../Sources/main.c
Invoking: Cross ARM C Compiler
arm-none-eabi-gcc -mcpu=cortex-m4 -mthumb -mfloat-abi=hard -mfpu=fpv4-sp-d16 -O0 -fmessage-length=0 -fsigned-char -ffunction-sections -fdata-sections  -g3 -I"D:/G ing informatica/TFG/GPS/Practica1/Static_Code/System" -I"D:/G ing informatica/TFG/GPS/Practica1/Static_Code/PDD" -I"D:/G ing informatica/TFG/GPS/Practica1/Static_Code/IO_Map" -I"C:\Freescale\KDS_v3\eclipse\ProcessorExpert/lib/Kinetis/pdd/inc" -I"D:/G ing informatica/TFG/GPS/Practica1/Sources" -I"D:/G ing informatica/TFG/GPS/Practica1/Generated_Code" -std=c99 -MMD -MP -MF"Sources/main.d" -MT"Sources/main.o" -c -o "Sources/main.o" "../Sources/main.c"
Finished building: ../Sources/main.c
 
Building file: ../Generated_Code/Cpu.c
Invoking: Cross ARM C Compiler
arm-none-eabi-gcc -mcpu=cortex-m4 -mthumb -mfloat-abi=hard -mfpu=fpv4-sp-d16 -O0 -fmessage-length=0 -fsigned-char -ffunction-sections -fdata-sections  -g3 -I"D:/G ing informatica/TFG/GPS/Practica1/Static_Code/System" -I"D:/G ing informatica/TFG/GPS/Practica1/Static_Code/PDD" -I"D:/G ing informatica/TFG/GPS/Practica1/Static_Code/IO_Map" -I"C:\Freescale\KDS_v3\eclipse\ProcessorExpert/lib/Kinetis/pdd/inc" -I"D:/G ing informatica/TFG/GPS/Practica1/Sources" -I"D:/G ing informatica/TFG/GPS/Practica1/Generated_Code" -std=c99 -MMD -MP -MF"Generated_Code/Cpu.d" -MT"Generated_Code/Cpu.o" -c -o "Generated_Code/Cpu.o" "../Generated_Code/Cpu.c"
Finished building: ../Generated_Code/Cpu.c
 
Building file: ../Generated_Code/PE_LDD.c
Invoking: Cross ARM C Compiler
arm-none-eabi-gcc -mcpu=cortex-m4 -mthumb -mfloat-abi=hard -mfpu=fpv4-sp-d16 -O0 -fmessage-length=0 -fsigned-char -ffunction-sections -fdata-sections  -g3 -I"D:/G ing informatica/TFG/GPS/Practica1/Static_Code/System" -I"D:/G ing informatica/TFG/GPS/Practica1/Static_Code/PDD" -I"D:/G ing informatica/TFG/GPS/Practica1/Static_Code/IO_Map" -I"C:\Freescale\KDS_v3\eclipse\ProcessorExpert/lib/Kinetis/pdd/inc" -I"D:/G ing informatica/TFG/GPS/Practica1/Sources" -I"D:/G ing informatica/TFG/GPS/Practica1/Generated_Code" -std=c99 -MMD -MP -MF"Generated_Code/PE_LDD.d" -MT"Generated_Code/PE_LDD.o" -c -o "Generated_Code/PE_LDD.o" "../Generated_Code/PE_LDD.c"
Finished building: ../Generated_Code/PE_LDD.c
 
Building file: ../Generated_Code/Pins1.c
Invoking: Cross ARM C Compiler
arm-none-eabi-gcc -mcpu=cortex-m4 -mthumb -mfloat-abi=hard -mfpu=fpv4-sp-d16 -O0 -fmessage-length=0 -fsigned-char -ffunction-sections -fdata-sections  -g3 -I"D:/G ing informatica/TFG/GPS/Practica1/Static_Code/System" -I"D:/G ing informatica/TFG/GPS/Practica1/Static_Code/PDD" -I"D:/G ing informatica/TFG/GPS/Practica1/Static_Code/IO_Map" -I"C:\Freescale\KDS_v3\eclipse\ProcessorExpert/lib/Kinetis/pdd/inc" -I"D:/G ing informatica/TFG/GPS/Practica1/Sources" -I"D:/G ing informatica/TFG/GPS/Practica1/Generated_Code" -std=c99 -MMD -MP -MF"Generated_Code/Pins1.d" -MT"Generated_Code/Pins1.o" -c -o "Generated_Code/Pins1.o" "../Generated_Code/Pins1.c"
Finished building: ../Generated_Code/Pins1.c
 
Building target: Practica1.elf
Invoking: Cross ARM C++ Linker
arm-none-eabi-g++ -mcpu=cortex-m4 -mthumb -mfloat-abi=hard -mfpu=fpv4-sp-d16 -O0 -fmessage-length=0 -fsigned-char -ffunction-sections -fdata-sections  -g3 -T "D:/G ing informatica/TFG/GPS/Practica1/Project_Settings/Linker_Files/ProcessorExpert.ld" -Xlinker --gc-sections -L"D:/G ing informatica/TFG/GPS/Practica1/Project_Settings/Linker_Files" -Wl,-Map,"Practica1.map" --specs=nano.specs -specs=rdimon.specs -o "Practica1.elf"  ./Static_Code/System/CPU_Init.o ./Static_Code/System/Peripherals_Init.o ./Static_Code/System/Vectors.o  ./Sources/Events.o ./Sources/main.o  ./Project_Settings/Startup_Code/startup.o  ./Generated_Code/Cpu.o ./Generated_Code/PE_LDD.o ./Generated_Code/Pins1.o   
Finished building target: Practica1.elf
 

14:34:06 Build Finished (took 14s.473ms)

